#
# There is insufficient memory for the Java Runtime Environment to continue.
# Native memory allocation (malloc) failed to allocate 821536 bytes for Chunk::new
# Possible reasons:
#   The system is out of physical RAM or swap space
#   In 32 bit mode, the process size limit was hit
# Possible solutions:
#   Reduce memory load on the system
#   Increase physical memory or swap space
#   Check if swap backing store is full
#   Use 64 bit Java on a 64 bit OS
#   Decrease Java heap size (-Xmx/-Xms)
#   Decrease number of Java threads
#   Decrease Java thread stack sizes (-Xss)
#   Set larger code cache with -XX:ReservedCodeCacheSize=
# This output file may be truncated or incomplete.
#
#  Out of Memory Error (allocation.cpp:390), pid=10096, tid=3572
#
# JRE version: Java(TM) SE Runtime Environment (8.0_31-b13) (build 1.8.0_31-b13)
# Java VM: Java HotSpot(TM) 64-Bit Server VM (25.31-b07 mixed mode windows-amd64 compressed oops)
# Failed to write core dump. Minidumps are not enabled by default on client versions of Windows
#

---------------  T H R E A D  ---------------

Current thread (0x00000000152ed000):  JavaThread "C2 CompilerThread0" daemon [_thread_in_native, id=3572, stack(0x0000000016840000,0x0000000016940000)]

Stack: [0x0000000016840000,0x0000000016940000]
Native frames: (J=compiled Java code, j=interpreted, Vv=VM code, C=native code)
V  [jvm.dll+0x3169ba]
V  [jvm.dll+0x2674c3]
V  [jvm.dll+0x268103]
V  [jvm.dll+0x25f8f5]
V  [jvm.dll+0xbf025]
V  [jvm.dll+0xbf4cc]
V  [jvm.dll+0x45df82]
V  [jvm.dll+0x49f21f]
V  [jvm.dll+0x452f28]
V  [jvm.dll+0x454124]
V  [jvm.dll+0x437c62]
V  [jvm.dll+0x988e2]
V  [jvm.dll+0x990d3]
V  [jvm.dll+0x22c194]
V  [jvm.dll+0x28576a]
C  [msvcr100.dll+0x21d9f]
C  [msvcr100.dll+0x21e3b]
C  [KERNEL32.DLL+0x12d92]
C  [ntdll.dll+0x9f64]


Current CompileTask:
C2:   1677 1278       4       com.android.dx.ssa.SCCP::simulateStmt (481 bytes)


---------------  P R O C E S S  ---------------

Java Threads: ( => current thread )
  0x0000000016eda000 JavaThread "pool-2-thread-4" [_thread_blocked, id=5200, stack(0x0000000017d40000,0x0000000017e40000)]
  0x0000000016ed9000 JavaThread "pool-2-thread-3" [_thread_blocked, id=6284, stack(0x0000000017c40000,0x0000000017d40000)]
  0x000000001740e000 JavaThread "pool-2-thread-2" [_thread_blocked, id=5124, stack(0x0000000017b40000,0x0000000017c40000)]
  0x0000000016e03000 JavaThread "pool-3-thread-1" [_thread_blocked, id=6576, stack(0x0000000017a40000,0x0000000017b40000)]
  0x0000000016e02800 JavaThread "pool-2-thread-1" [_thread_blocked, id=7456, stack(0x0000000017940000,0x0000000017a40000)]
  0x000000001534a000 JavaThread "Service Thread" daemon [_thread_blocked, id=9532, stack(0x0000000016f40000,0x0000000017040000)]
  0x00000000152f6000 JavaThread "C1 CompilerThread2" daemon [_thread_blocked, id=8404, stack(0x0000000016a40000,0x0000000016b40000)]
  0x00000000152ef800 JavaThread "C2 CompilerThread1" daemon [_thread_in_native, id=6076, stack(0x0000000016940000,0x0000000016a40000)]
=>0x00000000152ed000 JavaThread "C2 CompilerThread0" daemon [_thread_in_native, id=3572, stack(0x0000000016840000,0x0000000016940000)]
  0x00000000152eb800 JavaThread "Attach Listener" daemon [_thread_blocked, id=3944, stack(0x0000000016740000,0x0000000016840000)]
  0x00000000152eb000 JavaThread "Signal Dispatcher" daemon [_thread_blocked, id=4744, stack(0x0000000016640000,0x0000000016740000)]
  0x0000000002b35000 JavaThread "Finalizer" daemon [_thread_blocked, id=7792, stack(0x0000000016540000,0x0000000016640000)]
  0x0000000002b2c000 JavaThread "Reference Handler" daemon [_thread_blocked, id=6496, stack(0x0000000016440000,0x0000000016540000)]
  0x0000000002c1d800 JavaThread "main" [_thread_in_vm, id=9700, stack(0x00000000028b0000,0x00000000029b0000)]

Other Threads:
  0x00000000152b6000 VMThread [stack: 0x0000000016340000,0x0000000016440000] [id=9940]
  0x000000001534c800 WatcherThread [stack: 0x0000000017040000,0x0000000017140000] [id=3268]

VM state:not at safepoint (normal execution)

VM Mutex/Monitor currently owned by a thread: None

Heap:
 PSYoungGen      total 70656K, used 30249K [0x00000000eab00000, 0x00000000ef500000, 0x0000000100000000)
  eden space 65536K, 38% used [0x00000000eab00000,0x00000000ec392568,0x00000000eeb00000)
  from space 5120K, 99% used [0x00000000ef000000,0x00000000ef4f8060,0x00000000ef500000)
  to   space 5120K, 0% used [0x00000000eeb00000,0x00000000eeb00000,0x00000000ef000000)
 ParOldGen       total 86016K, used 2264K [0x00000000c0000000, 0x00000000c5400000, 0x00000000eab00000)
  object space 86016K, 2% used [0x00000000c0000000,0x00000000c02360c8,0x00000000c5400000)
 Metaspace       used 6201K, capacity 7028K, committed 7296K, reserved 1056768K
  class space    used 607K, capacity 620K, committed 640K, reserved 1048576K

Card table byte_map: [0x0000000011fe0000,0x00000000121f0000] byte_map_base: 0x00000000119e0000

Marking Bits: (ParMarkBitMap*) 0x000000007443d4f0
 Begin Bits: [0x0000000012750000, 0x0000000013750000)
 End Bits:   [0x0000000013750000, 0x0000000014750000)

Polling page: 0x0000000001020000

CodeCache: size=245760Kb used=5680Kb max_used=5680Kb free=240079Kb
 bounds [0x0000000002c20000, 0x00000000031c0000, 0x0000000011c20000]
 total_blobs=1718 nmethods=1449 adapters=184
 compilation: enabled

Compilation events (10 events):
Event: 1.602 Thread 0x00000000152f6000 1402       3       com.android.dx.ssa.SsaBasicBlock::addMoveToEnd (172 bytes)
Event: 1.605 Thread 0x00000000152f6000 nmethod 1402 0x00000000031749d0 code [0x0000000003174d40, 0x0000000003176bc8]
Event: 1.607 Thread 0x00000000152f6000 1403       3       java.util.TreeMap::rotateRight (96 bytes)
Event: 1.607 Thread 0x00000000152f6000 nmethod 1403 0x0000000003178010 code [0x0000000003178180, 0x00000000031784d0]
Event: 1.607 Thread 0x00000000152f6000 1404       3       com.android.dx.rop.code.AccessFlags::isNative (14 bytes)
Event: 1.608 Thread 0x00000000152f6000 nmethod 1404 0x00000000031785d0 code [0x0000000003178720, 0x00000000031788b0]
Event: 1.608 Thread 0x00000000152f6000 1405       3       com.android.dx.rop.code.AccessFlags::isAbstract (14 bytes)
Event: 1.608 Thread 0x00000000152f6000 nmethod 1405 0x0000000003178950 code [0x0000000003178aa0, 0x0000000003178c30]
Event: 1.608 Thread 0x00000000152f6000 1406       3       com.android.dx.util.IntList::makeImmutable (25 bytes)
Event: 1.608 Thread 0x00000000152f6000 nmethod 1406 0x0000000003178cd0 code [0x0000000003178e60, 0x0000000003179288]

GC Heap History (4 events):
Event: 0.452 GC heap before
{Heap before GC invocations=1 (full 0):
 PSYoungGen      total 37888K, used 32768K [0x00000000eab00000, 0x00000000ed500000, 0x0000000100000000)
  eden space 32768K, 100% used [0x00000000eab00000,0x00000000ecb00000,0x00000000ecb00000)
  from space 5120K, 0% used [0x00000000ed000000,0x00000000ed000000,0x00000000ed500000)
  to   space 5120K, 0% used [0x00000000ecb00000,0x00000000ecb00000,0x00000000ed000000)
 ParOldGen       total 86016K, used 0K [0x00000000c0000000, 0x00000000c5400000, 0x00000000eab00000)
  object space 86016K, 0% used [0x00000000c0000000,0x00000000c0000000,0x00000000c5400000)
 Metaspace       used 3510K, capacity 4720K, committed 4864K, reserved 1056768K
  class space    used 375K, capacity 424K, committed 512K, reserved 1048576K
Event: 0.472 GC heap after
Heap after GC invocations=1 (full 0):
 PSYoungGen      total 37888K, used 1230K [0x00000000eab00000, 0x00000000ef500000, 0x0000000100000000)
  eden space 32768K, 0% used [0x00000000eab00000,0x00000000eab00000,0x00000000ecb00000)
  from space 5120K, 24% used [0x00000000ecb00000,0x00000000ecc33990,0x00000000ed000000)
  to   space 5120K, 0% used [0x00000000ef000000,0x00000000ef000000,0x00000000ef500000)
 ParOldGen       total 86016K, used 0K [0x00000000c0000000, 0x00000000c5400000, 0x00000000eab00000)
  object space 86016K, 0% used [0x00000000c0000000,0x00000000c0000000,0x00000000c5400000)
 Metaspace       used 3510K, capacity 4720K, committed 4864K, reserved 1056768K
  class space    used 375K, capacity 424K, committed 512K, reserved 1048576K
}
Event: 1.407 GC heap before
{Heap before GC invocations=2 (full 0):
 PSYoungGen      total 37888K, used 33998K [0x00000000eab00000, 0x00000000ef500000, 0x0000000100000000)
  eden space 32768K, 100% used [0x00000000eab00000,0x00000000ecb00000,0x00000000ecb00000)
  from space 5120K, 24% used [0x00000000ecb00000,0x00000000ecc33990,0x00000000ed000000)
  to   space 5120K, 0% used [0x00000000ef000000,0x00000000ef000000,0x00000000ef500000)
 ParOldGen       total 86016K, used 0K [0x00000000c0000000, 0x00000000c5400000, 0x00000000eab00000)
  object space 86016K, 0% used [0x00000000c0000000,0x00000000c0000000,0x00000000c5400000)
 Metaspace       used 6067K, capacity 6900K, committed 7040K, reserved 1056768K
  class space    used 605K, capacity 620K, committed 640K, reserved 1048576K
Event: 1.423 GC heap after
Heap after GC invocations=2 (full 0):
 PSYoungGen      total 70656K, used 5088K [0x00000000eab00000, 0x00000000ef500000, 0x0000000100000000)
  eden space 65536K, 0% used [0x00000000eab00000,0x00000000eab00000,0x00000000eeb00000)
  from space 5120K, 99% used [0x00000000ef000000,0x00000000ef4f8060,0x00000000ef500000)
  to   space 5120K, 0% used [0x00000000eeb00000,0x00000000eeb00000,0x00000000ef000000)
 ParOldGen       total 86016K, used 2264K [0x00000000c0000000, 0x00000000c5400000, 0x00000000eab00000)
  object space 86016K, 2% used [0x00000000c0000000,0x00000000c02360c8,0x00000000c5400000)
 Metaspace       used 6067K, capacity 6900K, committed 7040K, reserved 1056768K
  class space    used 605K, capacity 620K, committed 640K, reserved 1048576K
}

Deoptimization events (10 events):
Event: 0.960 Thread 0x0000000016e02800 Uncommon trap: reason=class_check action=maybe_recompile pc=0x0000000002eb9930 method=com.android.dx.ssa.NormalSsaInsn.accept(Lcom/android/dx/ssa/SsaInsn$Visitor;)V @ 9
Event: 0.973 Thread 0x0000000016eda000 Uncommon trap: reason=class_check action=maybe_recompile pc=0x0000000002eb9930 method=com.android.dx.ssa.NormalSsaInsn.accept(Lcom/android/dx/ssa/SsaInsn$Visitor;)V @ 9
Event: 1.218 Thread 0x000000001740e000 Uncommon trap: reason=bimorphic action=maybe_recompile pc=0x0000000002fec4e8 method=java.util.HashMap.putVal(ILjava/lang/Object;Ljava/lang/Object;ZZ)Ljava/lang/Object; @ 91
Event: 1.439 Thread 0x000000001740e000 Uncommon trap: reason=unreached action=reinterpret pc=0x0000000002f9b91c method=com.android.dx.rop.cst.Constant.compareTo(Lcom/android/dx/rop/cst/Constant;)I @ 12
Event: 1.452 Thread 0x000000001740e000 Uncommon trap: reason=bimorphic action=maybe_recompile pc=0x0000000002fec4e8 method=java.util.HashMap.putVal(ILjava/lang/Object;Ljava/lang/Object;ZZ)Ljava/lang/Object; @ 91
Event: 1.452 Thread 0x000000001740e000 Uncommon trap: reason=bimorphic action=maybe_recompile pc=0x0000000002fec4e8 method=java.util.HashMap.putVal(ILjava/lang/Object;Ljava/lang/Object;ZZ)Ljava/lang/Object; @ 91
Event: 1.452 Thread 0x000000001740e000 Uncommon trap: reason=bimorphic action=maybe_recompile pc=0x0000000002fec4e8 method=java.util.HashMap.putVal(ILjava/lang/Object;Ljava/lang/Object;ZZ)Ljava/lang/Object; @ 91
Event: 1.463 Thread 0x000000001740e000 Uncommon trap: reason=unreached action=reinterpret pc=0x00000000030a0ce8 method=com.android.dx.util.LabeledList.set(ILcom/android/dx/util/LabeledItem;)V @ 16
Event: 1.571 Thread 0x000000001740e000 Uncommon trap: reason=bimorphic action=maybe_recompile pc=0x0000000002e976a0 method=java.util.HashMap.getNode(ILjava/lang/Object;)Ljava/util/HashMap$Node; @ 126
Event: 1.571 Thread 0x000000001740e000 Uncommon trap: reason=bimorphic action=maybe_recompile pc=0x0000000002e976a0 method=java.util.HashMap.getNode(ILjava/lang/Object;)Ljava/util/HashMap$Node; @ 126

Internal exceptions (10 events):
Event: 0.919 Thread 0x000000001740e000 Exception <a 'java/security/PrivilegedActionException'> (0x00000000eb705a08) thrown at [C:\workspace\8-2-build-windows-amd64-cygwin\jdk8u31\2394\hotspot\src\share\vm\prims\jvm.cpp, line 1312]
Event: 0.942 Thread 0x0000000016e02800 Exception <a 'java/security/PrivilegedActionException'> (0x00000000eb74d1d0) thrown at [C:\workspace\8-2-build-windows-amd64-cygwin\jdk8u31\2394\hotspot\src\share\vm\prims\jvm.cpp, line 1312]
Event: 0.962 Thread 0x0000000016e02800 Exception <a 'java/security/PrivilegedActionException'> (0x00000000eb88eed8) thrown at [C:\workspace\8-2-build-windows-amd64-cygwin\jdk8u31\2394\hotspot\src\share\vm\prims\jvm.cpp, line 1312]
Event: 0.978 Thread 0x0000000016eda000 Exception <a 'java/security/PrivilegedActionException'> (0x00000000eb94f2b0) thrown at [C:\workspace\8-2-build-windows-amd64-cygwin\jdk8u31\2394\hotspot\src\share\vm\prims\jvm.cpp, line 1312]
Event: 0.979 Thread 0x0000000016eda000 Exception <a 'java/security/PrivilegedActionException'> (0x00000000eb954ac0) thrown at [C:\workspace\8-2-build-windows-amd64-cygwin\jdk8u31\2394\hotspot\src\share\vm\prims\jvm.cpp, line 1312]
Event: 0.980 Thread 0x0000000016eda000 Exception <a 'java/security/PrivilegedActionException'> (0x00000000eb95a080) thrown at [C:\workspace\8-2-build-windows-amd64-cygwin\jdk8u31\2394\hotspot\src\share\vm\prims\jvm.cpp, line 1312]
Event: 0.989 Thread 0x0000000002c1d800 Exception <a 'java/security/PrivilegedActionException'> (0x00000000eb40c378) thrown at [C:\workspace\8-2-build-windows-amd64-cygwin\jdk8u31\2394\hotspot\src\share\vm\prims\jvm.cpp, line 1312]
Event: 1.021 Thread 0x0000000016eda000 Exception <a 'java/security/PrivilegedActionException'> (0x00000000ebae9048) thrown at [C:\workspace\8-2-build-windows-amd64-cygwin\jdk8u31\2394\hotspot\src\share\vm\prims\jvm.cpp, line 1312]
Event: 1.154 Thread 0x0000000016eda000 Exception <a 'java/security/PrivilegedActionException'> (0x00000000ec025820) thrown at [C:\workspace\8-2-build-windows-amd64-cygwin\jdk8u31\2394\hotspot\src\share\vm\prims\jvm.cpp, line 1312]
Event: 1.460 Thread 0x000000001740e000 Exception <a 'java/security/PrivilegedActionException'> (0x00000000eaffabf0) thrown at [C:\workspace\8-2-build-windows-amd64-cygwin\jdk8u31\2394\hotspot\src\share\vm\prims\jvm.cpp, line 1312]

Events (10 events):
Event: 1.461 loading class java/util/HashMap$ValueIterator done
Event: 1.463 Thread 0x000000001740e000 Uncommon trap: trap_request=0xffffffad fr.pc=0x00000000030a0ce8
Event: 1.463 Thread 0x000000001740e000 DEOPT PACKING pc=0x00000000030a0ce8 sp=0x0000000017c3e9f0
Event: 1.463 Thread 0x000000001740e000 DEOPT UNPACKING pc=0x0000000002c6556a sp=0x0000000017c3e9d8 mode 2
Event: 1.571 Thread 0x000000001740e000 Uncommon trap: trap_request=0xffffffc6 fr.pc=0x0000000002e976a0
Event: 1.571 Thread 0x000000001740e000 DEOPT PACKING pc=0x0000000002e976a0 sp=0x0000000017c3eb20
Event: 1.571 Thread 0x000000001740e000 DEOPT UNPACKING pc=0x0000000002c6556a sp=0x0000000017c3ea38 mode 2
Event: 1.571 Thread 0x000000001740e000 Uncommon trap: trap_request=0xffffffc6 fr.pc=0x0000000002e976a0
Event: 1.571 Thread 0x000000001740e000 DEOPT PACKING pc=0x0000000002e976a0 sp=0x0000000017c3eb20
Event: 1.571 Thread 0x000000001740e000 DEOPT UNPACKING pc=0x0000000002c6556a sp=0x0000000017c3ea38 mode 2


Dynamic libraries:
0x00007ff61e820000 - 0x00007ff61e854000 	C:\Program Files\Java\jdk1.8.0_31\bin\java.exe
0x00007ffd9f8d0000 - 0x00007ffd9fa91000 	C:\WINDOWS\SYSTEM32\ntdll.dll
0x00007ffd9d080000 - 0x00007ffd9d12d000 	C:\WINDOWS\system32\KERNEL32.DLL
0x00007ffd9cdc0000 - 0x00007ffd9cf9d000 	C:\WINDOWS\system32\KERNELBASE.dll
0x00007ffd9ee30000 - 0x00007ffd9eed6000 	C:\WINDOWS\system32\ADVAPI32.dll
0x00007ffd9d550000 - 0x00007ffd9d5ed000 	C:\WINDOWS\system32\msvcrt.dll
0x00007ffd9f590000 - 0x00007ffd9f5eb000 	C:\WINDOWS\system32\sechost.dll
0x00007ffd9d420000 - 0x00007ffd9d546000 	C:\WINDOWS\system32\RPCRT4.dll
0x00007ffd9f780000 - 0x00007ffd9f8ce000 	C:\WINDOWS\system32\USER32.dll
0x00007ffd9f400000 - 0x00007ffd9f586000 	C:\WINDOWS\system32\GDI32.dll
0x00007ffd950c0000 - 0x00007ffd95334000 	C:\WINDOWS\WinSxS\amd64_microsoft.windows.common-controls_6595b64144ccf1df_6.0.10240.16384_none_f41f7b285750ef43\COMCTL32.dll
0x00007ffd9d290000 - 0x00007ffd9d2c6000 	C:\WINDOWS\system32\IMM32.DLL
0x00007ffd9d130000 - 0x00007ffd9d28c000 	C:\WINDOWS\system32\MSCTF.dll
0x0000000072b40000 - 0x0000000072c12000 	C:\Program Files\Java\jdk1.8.0_31\jre\bin\msvcr100.dll
0x0000000073c60000 - 0x00000000744ba000 	C:\Program Files\Java\jdk1.8.0_31\jre\bin\server\jvm.dll
0x00007ffd9f6c0000 - 0x00007ffd9f6c8000 	C:\WINDOWS\system32\PSAPI.DLL
0x00007ffd973a0000 - 0x00007ffd973a9000 	C:\WINDOWS\SYSTEM32\WSOCK32.dll
0x00007ffd9f160000 - 0x00007ffd9f1c9000 	C:\WINDOWS\system32\WS2_32.dll
0x00007ffd9d5f0000 - 0x00007ffd9d5f8000 	C:\WINDOWS\system32\NSI.dll
0x00007ffd9a980000 - 0x00007ffd9a9a3000 	C:\WINDOWS\SYSTEM32\WINMM.dll
0x00007ffd9a8f0000 - 0x00007ffd9a91c000 	C:\WINDOWS\SYSTEM32\WINMMBASE.dll
0x00007ffd9c5d0000 - 0x00007ffd9c614000 	C:\WINDOWS\system32\cfgmgr32.dll
0x00007ffd9ac70000 - 0x00007ffd9ac97000 	C:\WINDOWS\SYSTEM32\DEVOBJ.dll
0x0000000073c50000 - 0x0000000073c5f000 	C:\Program Files\Java\jdk1.8.0_31\jre\bin\verify.dll
0x0000000073c20000 - 0x0000000073c48000 	C:\Program Files\Java\jdk1.8.0_31\jre\bin\java.dll
0x0000000073c00000 - 0x0000000073c16000 	C:\Program Files\Java\jdk1.8.0_31\jre\bin\zip.dll
0x00007ffd9d750000 - 0x00007ffd9ec72000 	C:\WINDOWS\system32\SHELL32.dll
0x00007ffd9c790000 - 0x00007ffd9cdb8000 	C:\WINDOWS\system32\windows.storage.dll
0x00007ffd9eee0000 - 0x00007ffd9f15c000 	C:\WINDOWS\system32\combase.dll
0x00007ffd9d6f0000 - 0x00007ffd9d741000 	C:\WINDOWS\system32\shlwapi.dll
0x00007ffd9c390000 - 0x00007ffd9c39f000 	C:\WINDOWS\system32\kernel.appcore.dll
0x00007ffd9c6d0000 - 0x00007ffd9c783000 	C:\WINDOWS\system32\shcore.dll
0x00007ffd9c340000 - 0x00007ffd9c38a000 	C:\WINDOWS\system32\powrprof.dll
0x00007ffd9c300000 - 0x00007ffd9c313000 	C:\WINDOWS\system32\profapi.dll
0x0000000073be0000 - 0x0000000073bfa000 	C:\Program Files\Java\jdk1.8.0_31\jre\bin\net.dll
0x00007ffd9bb70000 - 0x00007ffd9bbcd000 	C:\WINDOWS\system32\mswsock.dll
0x00007ffd9a110000 - 0x00007ffd9a148000 	C:\WINDOWS\SYSTEM32\IPHLPAPI.DLL
0x00007ffd9a0f0000 - 0x00007ffd9a0fb000 	C:\WINDOWS\SYSTEM32\WINNSI.DLL
0x00007ffd95e00000 - 0x00007ffd95e16000 	C:\WINDOWS\SYSTEM32\dhcpcsvc6.DLL
0x00007ffd95de0000 - 0x00007ffd95dfa000 	C:\WINDOWS\SYSTEM32\dhcpcsvc.DLL
0x00007ffd88f70000 - 0x00007ffd890fa000 	C:\WINDOWS\SYSTEM32\dbghelp.dll

VM Arguments:
jvm_args: -Djava.awt.headless=true -Xmx1024M -Dfile.encoding=windows-1252 -Duser.country=IN -Duser.language=en -Duser.variant 
java_command: com.android.dx.command.Main --dex --num-threads=4 --multi-dex --output E:\Android_Project_Sample\Numutive\app\build\intermediates\transforms\dex\debug\folders\1000\1a\dependencies_6fe95549f269dbb2adb3f6f4ff521670113c4970 E:\Android_Project_Sample\Numutive\app\build\intermediates\transforms\instantRunSlicer\debug\jars\1\1a\dependencies.jar
java_class_path (initial): E:\Android_SDK\build-tools\23.0.2\lib\dx.jar
Launcher Type: SUN_STANDARD

Environment Variables:
JAVA_HOME=C:\Program Files\Java\jdk1.8.0_31
PATH=C:\ProgramData\Oracle\Java\javapath;C:\WINDOWS\system32;C:\WINDOWS;C:\WINDOWS\System32\Wbem;C:\WINDOWS\System32\WindowsPowerShell\v1.0\;C:\Program Files (x86)\Windows Live\Shared;C:\Program Files (x86)\Common Files\lenovo\easyplussdk\bin;C:\Program Files\Microsoft\Web Platform Installer\;C:\Android;C:\Windows\System32;C:\Program Files (x86)\Google\google_appengine\;C:\Python27\Scripts;C:\Program Files\Java\jdk1.8.0_31\bin;C:\Program Files\Java\jre1.8.0_31\bin
USERNAME=Winston
OS=Windows_NT
PROCESSOR_IDENTIFIER=Intel64 Family 6 Model 37 Stepping 5, GenuineIntel



---------------  S Y S T E M  ---------------

OS: Windows 8.1 , 64 bit Build 9600 

CPU:total 4 (2 cores per cpu, 2 threads per core) family 6 model 37 stepping 5, cmov, cx8, fxsr, mmx, sse, sse2, sse3, ssse3, sse4.1, sse4.2, popcnt, ht, tsc, tscinvbit

Memory: 4k page, physical 8246676k(2400444k free), swap 13076464k(3912k free)

vm_info: Java HotSpot(TM) 64-Bit Server VM (25.31-b07) for windows-amd64 JRE (1.8.0_31-b13), built on Dec 17 2014 21:00:28 by "java_re" with MS VC++ 10.0 (VS2010)

time: Wed Mar 09 23:21:25 2016
elapsed time: 1 seconds (0d 0h 0m 1s)

